49194 47168 -43373 45399
-79756 -43373 -43373 6990
54458 44165 24502 -14209
-77730 -43373 45399 -79756
89942 49693 -14209 54458
5631 -43373 24502 24502
100000 100000 100000 -100000
-100000 100000 -100000 -100000
-100000 100000 -100000 -100000
98770 47168 41241 10361
90386 41241 11821 37324
66955 45399 54458 -32902
-100000 100000 -100000 -100000
-100000 100000 -100000 -100000
-100000 100000 -100000 -100000
-100000 100000 -100000 -100000
-100000 100000 -100000 -100000
6831 -14209 -77730 98770
66426 47168 11821 7437
71574 4497 42685 24392
23603 5631 -30465 48437
21